<?xml version="1.0" encoding="UTF-8"?><testsuite errors="0" failures="1" name="Search in Olx with data from feature" skipped="0" tests="3" time="220.19" timestamp="2019-04-10 10:19:54"><testcase name="Search a specific product in olx using all filters"><failure message="The product could not be found in the results list - org.openqa.selenium.NoSuchElementException: Expected condition failed: waiting for By.xpath: //div[@class='title']/h1 to be displayed (tried for 5 second(s) with 100 milliseconds interval)&#10;Build info: version: '3.141.59', revision: 'e82be7d358', time: '2018-11-14T08:17:03'&#10;System info: host: 'LAPTOP-L2D6D9IH', ip: '172.23.85.93', os.name: 'Windows 10', os.arch: 'amd64', os.version: '10.0', java.version: '1.8.0_201'&#10;Driver info: driver.version: unknown" type="java.lang.AssertionError">The product could not be found in the results list - org.openqa.selenium.NoSuchElementException: Expected condition failed: waiting for By.xpath: //div[@class='title']/h1 to be displayed (tried for 5 second(s) with 100 milliseconds interval)
Build info: version: '3.141.59', revision: 'e82be7d358', time: '2018-11-14T08:17:03'
System info: host: 'LAPTOP-L2D6D9IH', ip: '172.23.85.93', os.name: 'Windows 10', os.arch: 'amd64', os.version: '10.0', java.version: '1.8.0_201'
Driver info: driver.version: unknown</failure><system-err>The product could not be found in the results list - org.openqa.selenium.NoSuchElementException: Expected condition failed: waiting for By.xpath: //div[@class='title']/h1 to be displayed (tried for 5 second(s) with 100 milliseconds interval)
Build info: version: '3.141.59', revision: 'e82be7d358', time: '2018-11-14T08:17:03'
System info: host: 'LAPTOP-L2D6D9IH', ip: '172.23.85.93', os.name: 'Windows 10', os.arch: 'amd64', os.version: '10.0', java.version: '1.8.0_201'
Driver info: driver.version: unknown&#13;
co.com.olx.qa.searchwitholx.tasks.SpecificProductSearch.performAs(SpecificProductSearch.java:51)&#13;
co.com.olx.qa.searchwitholx.stepsdefinitions.SearchProductWithOlxStepDefinition.heSearchTheSpecificProduct(SearchProductWithOlxStepDefinition.java:76)&#13;
✽.he search the specific product "SuperMega play4k"(src/test/resources/features/SearchProductWithOlx.feature:15)&#13;
</system-err></testcase><testcase name="Search a random product in olx using filters"/></testsuite>