<?xml version="1.0" encoding="UTF-8"?>
<testsuite name="com.google.qa.runners.GoogleChooseResultSearchRunner" tests="0" skipped="0" failures="0" errors="0" timestamp="1970-01-01T00:00:00" hostname="SBMEDLAPPROLF3" time="0.0">
  <properties/>
  <system-out><![CDATA[
?[31mFailed scenarios:?[0m
?[31msrc/test/resources/feature/google_choose_resultsearch.feature:14 ?[0m# User can search with “Google Search” for anything and he chooses a link from the google search results
?[31msrc/test/resources/feature/google_choose_resultsearch.feature:30 ?[0m# User can search with “Google Search” for anything using the suggestons list

3 Scenarios (?[31m2 failed?[0m, ?[32m1 passed?[0m)
21 Steps (?[31m2 failed?[0m, ?[32m19 passed?[0m)
2m32,385s

java.lang.AssertionError
	at org.junit.Assert.fail(Assert.java:86)
	at org.junit.Assert.assertTrue(Assert.java:41)
	at org.junit.Assert.assertTrue(Assert.java:52)
	at com.google.qa.pages.SelectedProductPage.thePageIsCorrect(SelectedProductPage.java:34)
	at com.google.qa.steps.SelectedProductStep.isThe(SelectedProductStep.java:12)
	at com.google.qa.steps.SelectedProductStep$ByteBuddy$JApzFb6q.isThe$accessor$r7eof1kj(Unknown Source)
	at sun.reflect.NativeMethodAccessorImpl.invoke0(Native Method)
	at sun.reflect.NativeMethodAccessorImpl.invoke(NativeMethodAccessorImpl.java:62)
	at sun.reflect.DelegatingMethodAccessorImpl.invoke(DelegatingMethodAccessorImpl.java:43)
	at java.lang.reflect.Method.invoke(Method.java:498)
	at net.thucydides.core.steps.StepInterceptor.invokeMethod(StepInterceptor.java:466)
	at net.thucydides.core.steps.StepInterceptor.executeTestStepMethod(StepInterceptor.java:450)
	at net.thucydides.core.steps.StepInterceptor.runTestStep(StepInterceptor.java:425)
	at net.thucydides.core.steps.StepInterceptor.runOrSkipMethod(StepInterceptor.java:180)
	at net.thucydides.core.steps.StepInterceptor.testStepResult(StepInterceptor.java:167)
	at net.thucydides.core.steps.StepInterceptor.intercept(StepInterceptor.java:74)
	at com.google.qa.steps.SelectedProductStep$ByteBuddy$JApzFb6q.isThe(Unknown Source)
	at com.google.qa.stepsdefinitions.GoogleChooseResultSearchStepDefinition.heGoesTo(GoogleChooseResultSearchStepDefinition.java:23)
	at ?.He will go to the Patrick Rothfuss - The Books(src/test/resources/feature/google_choose_resultsearch.feature:11)

java.lang.AssertionError
	at org.junit.Assert.fail(Assert.java:86)
	at org.junit.Assert.assertTrue(Assert.java:41)
	at org.junit.Assert.assertTrue(Assert.java:52)
	at com.google.qa.pages.SelectedProductPage.thePageIsCorrect(SelectedProductPage.java:34)
	at com.google.qa.steps.SelectedProductStep.isThe(SelectedProductStep.java:12)
	at com.google.qa.steps.SelectedProductStep$ByteBuddy$iXGCAtB6.isThe$accessor$6XJjG0az(Unknown Source)
	at sun.reflect.NativeMethodAccessorImpl.invoke0(Native Method)
	at sun.reflect.NativeMethodAccessorImpl.invoke(NativeMethodAccessorImpl.java:62)
	at sun.reflect.DelegatingMethodAccessorImpl.invoke(DelegatingMethodAccessorImpl.java:43)
	at java.lang.reflect.Method.invoke(Method.java:498)
	at net.thucydides.core.steps.StepInterceptor.invokeMethod(StepInterceptor.java:466)
	at net.thucydides.core.steps.StepInterceptor.executeTestStepMethod(StepInterceptor.java:450)
	at net.thucydides.core.steps.StepInterceptor.runTestStep(StepInterceptor.java:425)
	at net.thucydides.core.steps.StepInterceptor.runOrSkipMethod(StepInterceptor.java:180)
	at net.thucydides.core.steps.StepInterceptor.testStepResult(StepInterceptor.java:167)
	at net.thucydides.core.steps.StepInterceptor.intercept(StepInterceptor.java:74)
	at com.google.qa.steps.SelectedProductStep$ByteBuddy$iXGCAtB6.isThe(Unknown Source)
	at com.google.qa.stepsdefinitions.GoogleChooseResultSearchStepDefinition.heGoesTo(GoogleChooseResultSearchStepDefinition.java:23)
	at ?.He will go to the Patrick Rothfuss - The Books(src/test/resources/feature/google_choose_resultsearch.feature:26)

]]></system-out>
  <system-err><![CDATA[[Test worker] INFO net.thucydides.core.steps.ConsoleLoggingListener - 

-------------------------------------------------------------------------------------
     _______. _______ .______       _______ .__   __.  __  .___________.____    ____ 
    /       ||   ____||   _  \     |   ____||  \ |  | |  | |           |\   \  /   / 
   |   (----`|  |__   |  |_)  |    |  |__   |   \|  | |  | `---|  |----` \   \/   /  
    \   \    |   __|  |      /     |   __|  |  . `  | |  |     |  |       \_    _/   
.----)   |   |  |____ |  |\  \----.|  |____ |  |\   | |  |     |  |         |  |     
|_______/    |_______|| _| `._____||_______||__| \__| |__|     |__|         |__|    
                                                                                     
 News and tutorials at http://www.serenity-bdd.info                                  
 Documentation at https://wakaleo.gitbooks.io/the-serenity-book/content/             
 Join the Serenity Community on Rocket Chat at https://serenity-bdd.rocket.chat      
 Serenity BDD Support and Training at http://serenity-bdd.info/#/trainingandsupport  
 Learn Serenity BDD online at http://serenity-dojo.com                               
-------------------------------------------------------------------------------------

[Test worker] INFO net.thucydides.core.steps.ConsoleLoggingListener - Test Suite Started: Google Choose Link in SearchResults
[Test worker] INFO net.thucydides.core.steps.ConsoleLoggingListener - 
 _____ _____ ____ _____   ____ _____  _    ____ _____ _____ ____  
|_   _| ____/ ___|_   _| / ___|_   _|/ \  |  _ \_   _| ____|  _ \ 
  | | |  _| \___ \ | |   \___ \ | | / _ \ | |_) || | |  _| | | | |
  | | | |___ ___) || |    ___) || |/ ___ \|  _ < | | | |___| |_| |
  |_| |_____|____/ |_|   |____/ |_/_/   \_\_| \_\|_| |_____|____/ 
                                                                  

TEST STARTED: User can search with “Google Search” for anything and he chooses a link from the google search results
-------------------------------------------------------------------(google-choose-link-in-searchresults;user-can-search-with-“google-search”-for-anything-and-he-chooses-a-link-from-the-google-search-results)
[Test worker] INFO net.thucydides.core.steps.ConsoleLoggingListener - 
 _____ _____ ____ _____   ____ _____  _    ____ _____ _____ ____  
|_   _| ____/ ___|_   _| / ___|_   _|/ \  |  _ \_   _| ____|  _ \ 
  | | |  _| \___ \ | |   \___ \ | | / _ \ | |_) || | |  _| | | | |
  | | | |___ ___) || |    ___) || |/ ___ \|  _ < | | | |___| |_| |
  |_| |_____|____/ |_|   |____/ |_/_/   \_\_| \_\|_| |_____|____/ 
                                                                  

TEST STARTED: User can search with “Google Search” for anything using the suggestons list
-------------------------------------------------------------------(google-choose-link-in-searchresults;user-can-search-with-“google-search”-for-anything-using-the-suggestons-list)
]]></system-err>
</testsuite>
